
****Welcome to ModelGenerator v0.85****

If you use ModelGenerator in your analysis, please cite:

Thomas M Keane, Christopher J Creevey , Melissa M Pentony, Thomas J Naughton and James O McInerney (2006) Assessment of methods for amino acid matrix selection and their use on empirical data shows that ad hoc assumptions for choice of matrix are not justified, BMC Evolutionary Biology, 6:29

http://www.biomedcentral.com/1471-2148/6/29

Enter alignment file name: 
Enter number of discrete gamma categories: 
Input sequence file: /home/raiane/Documentos/sars-cov/Genomes/sequences_align.fas
Format is FASTA
Datatype is NUCLEOTIDE
Building initial NJ tree......
Created models
Starting to optimise model parameters.....
Number of observed invariant sites: 15488
Optimising model 1 of 56: JC
Optimising model 2 of 56: JC+G
Optimising model 3 of 56: JC+I
Optimising model 4 of 56: JC+I+G
Optimising model 5 of 56: F81
Optimising model 6 of 56: F81+G
Optimising model 7 of 56: F81+I
Optimising model 8 of 56: F81+I+G
Optimising model 9 of 56: HKY
Optimising model 10 of 56: HKY+G
Optimising model 11 of 56: HKY+I
Optimising model 12 of 56: HKY+I+G
Optimising model 13 of 56: K80
Optimising model 14 of 56: K80+G
Optimising model 15 of 56: K80+I
Optimising model 16 of 56: K80+I+G
Optimising model 17 of 56: SYM
Optimising model 18 of 56: SYM+G
Optimising model 19 of 56: SYM+I
Optimising model 20 of 56: SYM+I+G
Optimising model 21 of 56: GTR
Optimising model 22 of 56: GTR+G
Optimising model 23 of 56: GTR+I
Optimising model 24 of 56: GTR+I+G
Optimising model 25 of 56: TrN
Optimising model 26 of 56: TrN+G
Optimising model 27 of 56: TrN+I
Optimising model 28 of 56: TrN+I+G
Optimising model 29 of 56: TrNef
Optimising model 30 of 56: TrNef+G
Optimising model 31 of 56: TrNef+I
Optimising model 32 of 56: TrNef+I+G
Optimising model 33 of 56: TVM
Optimising model 34 of 56: TVM+G
Optimising model 35 of 56: TVM+I
Optimising model 36 of 56: TVM+I+G
Optimising model 37 of 56: TVMef
Optimising model 38 of 56: TVMef+G
Optimising model 39 of 56: TVMef+I
Optimising model 40 of 56: TVMef+I+G
Optimising model 41 of 56: TIM
Optimising model 42 of 56: TIM+G
Optimising model 43 of 56: TIM+I
Optimising model 44 of 56: TIM+I+G
Optimising model 45 of 56: TIMef
Optimising model 46 of 56: TIMef+G
Optimising model 47 of 56: TIMef+I
Optimising model 48 of 56: TIMef+I+G
Optimising model 49 of 56: K81uf
Optimising model 50 of 56: K81uf+G
Optimising model 51 of 56: K81uf+I
Optimising model 52 of 56: K81uf+I+G
Optimising model 53 of 56: K81
Optimising model 54 of 56: K81+G
Optimising model 55 of 56: K81+I
Optimising model 56 of 56: K81+I+G

		Uniform			G			I			I+G
JC		-163610.47071731766	-163610.47071731766	-161269.40301570483	-161269.50857178276	
F81		-162478.85560765758	-162478.86341894395	-159978.7111538829	-159979.01046714184	
HKY		-159343.67720768804	-159343.68100260088	-156511.2518067246	-156511.0721244897	
K80		-160791.2548229561	-160791.2548229561	-158143.13428114826	-158142.92808332466	
SYM		-159779.31391113784	-159778.82201936078	-156990.55384987083	-156990.05206615332	
GTR		-158789.02090339022	-158788.42613055976	-155970.12814336148	-155969.81262864193	
TrN		-159146.5169331079	-159146.49969808184	-156356.4717593513	-156356.0285880578	
TrNef		-160542.37998174055	-160542.37998174055	-158398.7561728401	-157887.63487603664	
TVM		-158983.027010694	-158982.64495616313	-156141.79663713792	-156141.57300429352	
TVMef		-160021.14325826647	-160021.14325826647	-157267.31291099486	-157267.3122067794	
TIM		-159028.9459804013	-159028.85270666817	-156239.07482808238	-156239.28912368751	
TIMef		-160333.57036494833	-160333.57036494833	-158201.88679442366	-157676.88350944605	
K81uf		-159227.10314957978	-159226.9795423767	-156397.84591622435	-156398.18089135442	
K81		-160581.51374608307	-160581.51374608307	-158464.02327285678	-157931.05052902517	

****Hierarchical Likelihood Ratio Tests (hLRTs)****

Equal base frequencies
	Null model = JC
	Alternative model = F81
	2(lnL1-lnL0) = 2263.2302193201613	df = 3
Using Chi-Squared Test
	P-value < .0001

Ti=Tv
	Null model = F81
	Alternative model = HKY
	2(lnL1-lnL0) = 6270.356799939065	df = 1
Using Chi-Squared Test
	P-value < .0001

1 or 2 transition rates
	Null model = HKY
	Alternative model = TrN
	2(lnL1-lnL0) = 394.3205491603003	df = 1
Using Chi-Squared Test
	P-value < .0001

1 or 2 transversion rates
	Null model = TrN
	Alternative model = TIM
	2(lnL1-lnL0) = 235.14190541318385	df = 1
Using Chi-Squared Test
	P-value < .0001

2 or 4 transversion rates
	Null model = TIM
	Alternative model = GTR
	2(lnL1-lnL0) = 479.8501540221623	df = 2
Using Chi-Squared Test
	P-value < .0001

Equal rates among sites
	Null model = GTR
	Alternative model = GTR+G
	2(lnL1-lnL0) = 1.1895456609199755	df = 1
Using mixed Chi-Squared Test
	P-value = 0.0614845294110406

No invariable sites
	Null model = GTR
	Alternative model = GTR+I
	2(lnL1-lnL0) = 5637.785520057485	df = 1
Using mixed Chi-Squared Test
	P-value < .0001

Model Selected: GTR+I
-lnL: 155970.12814336148
Substitution Model (with Rate Distribution):
Model of substitution: GTR (Lanave et al. 1984)
Parameter a: 1.35
Parameter b: 4.36
Parameter c: 2.28
Parameter d: 0.79
Parameter e: 6.87
                                   A  C  G  T
Corresponding rate matrix      ----------------
(shown without frequencies):     A    a  b  c
                                 C       d  e
                                 G          1

Nucleotide frequencies:
pi(A) = 0.27826
pi(C) = 0.20191
pi(G) = 0.20609
pi(T) = 0.31374

Expected transition/transversion ratio: 1.84
Expected pyrimidine transition/purine transition ratio: 1.74

Model of rate heterogeneity: Invariable sites model
Number of rate categories: 2
Fraction of invariable sites: 0.34

Relative rates and their probabilities:

    Rate      Probability
1   0.00000   0.34341
2   1.52303   0.65659


****Akaike Information Criterion 1 (AIC1)****

Model Selected: GTR+I
-lnL = 155970.12814336148
k = 56 (Branch lengths included as model parameters)
AIC1 = 312052.25628672296

Substitution Model (with Rate Distribution):
Model of substitution: GTR (Lanave et al. 1984)
Parameter a: 1.35
Parameter b: 4.36
Parameter c: 2.28
Parameter d: 0.79
Parameter e: 6.87
                                   A  C  G  T
Corresponding rate matrix      ----------------
(shown without frequencies):     A    a  b  c
                                 C       d  e
                                 G          1

Nucleotide frequencies:
pi(A) = 0.27826
pi(C) = 0.20191
pi(G) = 0.20609
pi(T) = 0.31374

Expected transition/transversion ratio: 1.84
Expected pyrimidine transition/purine transition ratio: 1.74

Model of rate heterogeneity: Invariable sites model
Number of rate categories: 2
Fraction of invariable sites: 0.34

Relative rates and their probabilities:

    Rate      Probability
1   0.00000   0.34341
2   1.52303   0.65659


****Akaike Information Criterion 2 (AIC2)****

Model Selected: GTR+I
-lnL = 155970.12814336148
k = 56 (Branch lengths included as model parameters)
AIC2 = 312220.25628672296

Substitution Model (with Rate Distribution):
Model of substitution: GTR (Lanave et al. 1984)
Parameter a: 1.35
Parameter b: 4.36
Parameter c: 2.28
Parameter d: 0.79
Parameter e: 6.87
                                   A  C  G  T
Corresponding rate matrix      ----------------
(shown without frequencies):     A    a  b  c
                                 C       d  e
                                 G          1

Nucleotide frequencies:
pi(A) = 0.27826
pi(C) = 0.20191
pi(G) = 0.20609
pi(T) = 0.31374

Expected transition/transversion ratio: 1.84
Expected pyrimidine transition/purine transition ratio: 1.74

Model of rate heterogeneity: Invariable sites model
Number of rate categories: 2
Fraction of invariable sites: 0.34

Relative rates and their probabilities:

    Rate      Probability
1   0.00000   0.34341
2   1.52303   0.65659


****Bayesian Information Criterion (BIC)****

Model Selected: GTR+I
-lnL = 155970.12814336148
k = 56 (Branch lengths included as model parameters)
BIC = 312521.65792672924

Substitution Model (with Rate Distribution):
Model of substitution: GTR (Lanave et al. 1984)
Parameter a: 1.35
Parameter b: 4.36
Parameter c: 2.28
Parameter d: 0.79
Parameter e: 6.87
                                   A  C  G  T
Corresponding rate matrix      ----------------
(shown without frequencies):     A    a  b  c
                                 C       d  e
                                 G          1

Nucleotide frequencies:
pi(A) = 0.27826
pi(C) = 0.20191
pi(G) = 0.20609
pi(T) = 0.31374

Expected transition/transversion ratio: 1.84
Expected pyrimidine transition/purine transition ratio: 1.74

Model of rate heterogeneity: Invariable sites model
Number of rate categories: 2
Fraction of invariable sites: 0.34

Relative rates and their probabilities:

    Rate      Probability
1   0.00000   0.34341
2   1.52303   0.65659


Model-fit Ranking according to all measures
-------------------------------------------------------------------------------------------------------------------------------------------------------------------------------------------------------
	AIC1			Model		Ln			AIC2			Model		Ln			BIC			Model		Ln
-------------------------------------------------------------------------------------------------------------------------------------------------------------------------------------------------------

0	312052.25628672296	GTR+I		-155970.12814336148	312220.25628672296	GTR+I		-155970.12814336148	312521.65792672924	GTR+I		-155970.12814336148	
1	312053.62525728386	GTR+I+G		-155969.81262864193	312224.62525728386	GTR+I+G		-155969.81262864193	312531.4090694331	GTR+I+G		-155969.81262864193	
2	312393.59327427583	TVM+I		-156141.79663713792	312558.59327427583	TVM+I		-156141.79663713792	312854.61274213914	TVM+I		-156141.79663713792	
3	312395.14600858703	TVM+I+G		-156141.57300429352	312563.14600858703	TVM+I+G		-156141.57300429352	312864.5476485933	TVM+I+G		-156141.57300429352	
4	312586.14965616475	TIM+I		-156239.07482808238	312748.14965616475	TIM+I		-156239.07482808238	313038.7869518851	TIM+I		-156239.07482808238	
5	312588.57824737503	TIM+I+G		-156239.28912368751	312753.57824737503	TIM+I+G		-156239.28912368751	313049.59771523834	TIM+I+G		-156239.28912368751	
6	312818.9435187026	TrN+I		-156356.4717593513	312977.9435187026	TrN+I		-156356.4717593513	313263.19864227995	TrN+I		-156356.4717593513	
7	312820.0571761156	TrN+I+G		-156356.0285880578	312982.0571761156	TrN+I+G		-156356.0285880578	313272.6944718359	TrN+I+G		-156356.0285880578	
8	312901.6918324487	K81uf+I		-156397.84591622435	313060.6918324487	K81uf+I		-156397.84591622435	313345.9469560261	K81uf+I		-156397.84591622435	
9	312904.36178270885	K81uf+I+G	-156398.18089135442	313066.36178270885	K81uf+I+G	-156398.18089135442	313356.9990784292	K81uf+I+G	-156398.18089135442	
10	313126.5036134492	HKY+I		-156511.2518067246	313282.5036134492	HKY+I		-156511.2518067246	313562.3765648836	HKY+I		-156511.2518067246	
11	313128.1442489794	HKY+I+G		-156511.0721244897	313287.1442489794	HKY+I+G		-156511.0721244897	313572.39937255677	HKY+I+G		-156511.0721244897	
12	314087.10769974167	SYM+I		-156990.55384987083	314246.10769974167	SYM+I		-156990.55384987083	314531.36282331904	SYM+I		-156990.55384987083	
13	314088.10413230665	SYM+I+G		-156990.05206615332	314250.10413230665	SYM+I+G		-156990.05206615332	314540.741428027	SYM+I+G		-156990.05206615332	
14	314638.6258219897	TVMef+I		-157267.31291099486	314794.6258219897	TVMef+I		-157267.31291099486	315074.49877342413	TVMef+I		-157267.31291099486	
15	314640.6244135588	TVMef+I+G	-157267.3122067794	314799.6244135588	TVMef+I+G	-157267.3122067794	315084.8795371362	TVMef+I+G	-157267.3122067794	
16	315457.7670188921	TIMef+I+G	-157676.88350944605	315613.7670188921	TIMef+I+G	-157676.88350944605	315893.6399703265	TIMef+I+G	-157676.88350944605	
17	315877.2697520733	TrNef+I+G	-157887.63487603664	316030.2697520733	TrNef+I+G	-157887.63487603664	316304.7605313647	TrNef+I+G	-157887.63487603664	
18	315964.10105805035	K81+I+G		-157931.05052902517	316117.10105805035	K81+I+G		-157931.05052902517	316391.5918373418	K81+I+G		-157931.05052902517	
19	316384.2685622965	K80+I		-158143.13428114826	316531.2685622965	K80+I		-158143.13428114826	316794.994997302	K80+I		-158143.13428114826	
20	316385.8561666493	K80+I+G		-158142.92808332466	316535.8561666493	K80+I+G		-158142.92808332466	316804.9647737978	K80+I+G		-158142.92808332466	
21	316505.7735888473	TIMef+I		-158201.88679442366	316658.7735888473	TIMef+I		-158201.88679442366	316933.26436813874	TIMef+I		-158201.88679442366	
22	316897.5123456802	TrNef+I		-158398.7561728401	317047.5123456802	TrNef+I		-158398.7561728401	317316.62095282867	TrNef+I		-158398.7561728401	
23	317028.04654571356	K81+I		-158464.02327285678	317178.04654571356	K81+I		-158464.02327285678	317447.155152862	K81+I		-158464.02327285678	
24	317688.04180678044	GTR		-158789.02090339022	317853.04180678044	GTR		-158789.02090339022	318149.06127464375	GTR		-158789.02090339022	
25	317688.8522611195	GTR+G		-158788.42613055976	317856.8522611195	GTR+G		-158788.42613055976	318158.2539011258	GTR+G		-158788.42613055976	
26	318074.054021388	TVM		-158983.027010694	318236.054021388	TVM		-158983.027010694	318526.69131710834	TVM		-158983.027010694	
27	318075.28991232626	TVM+G		-158982.64495616313	318240.28991232626	TVM+G		-158982.64495616313	318536.3093801896	TVM+G		-158982.64495616313	
28	318163.8919608026	TIM		-159028.9459804013	318322.8919608026	TIM		-159028.9459804013	318608.14708438		TIM		-159028.9459804013	
29	318165.70541333634	TIM+G		-159028.85270666817	318327.70541333634	TIM+G		-159028.85270666817	318618.3427090567	TIM+G		-159028.85270666817	
30	318397.0338662158	TrN		-159146.5169331079	318553.0338662158	TrN		-159146.5169331079	318832.9068176502	TrN		-159146.5169331079	
31	318398.9993961637	TrN+G		-159146.49969808184	318557.9993961637	TrN+G		-159146.49969808184	318843.25451974105	TrN+G		-159146.49969808184	
32	318558.20629915956	K81uf		-159227.10314957978	318714.20629915956	K81uf		-159227.10314957978	318994.07925059396	K81uf		-159227.10314957978	
33	318559.9590847534	K81uf+G		-159226.9795423767	318718.9590847534	K81uf+G		-159226.9795423767	319004.2142083308	K81uf+G		-159226.9795423767	
34	318789.3544153761	HKY		-159343.67720768804	318942.3544153761	HKY		-159343.67720768804	319216.8451946675	HKY		-159343.67720768804	
35	318791.36200520175	HKY+G		-159343.68100260088	318947.36200520175	HKY+G		-159343.68100260088	319227.23495663615	HKY+G		-159343.68100260088	
36	319662.6278222757	SYM		-159779.31391113784	319818.6278222757	SYM		-159779.31391113784	320098.5007737101	SYM		-159779.31391113784	
37	319663.64403872157	SYM+G		-159778.82201936078	319822.64403872157	SYM+G		-159778.82201936078	320107.89916229894	SYM+G		-159778.82201936078	
38	320059.4223077658	F81+I		-159978.7111538829	320212.4223077658	F81+I		-159978.7111538829	320486.91308705724	F81+I		-159978.7111538829	
39	320062.0209342837	F81+I+G		-159979.01046714184	320218.0209342837	F81+I+G		-159979.01046714184	320497.8938857181	F81+I+G		-159979.01046714184	
40	320144.28651653294	TVMef		-160021.14325826647	320297.28651653294	TVMef		-160021.14325826647	320571.7772958244	TVMef		-160021.14325826647	
41	320146.28651653294	TVMef+G		-160021.14325826647	320302.28651653294	TVMef+G		-160021.14325826647	320582.15946796734	TVMef+G		-160021.14325826647	
42	320767.14072989667	TIMef		-160333.57036494833	320917.14072989667	TIMef		-160333.57036494833	321186.2493370451	TIMef		-160333.57036494833	
43	320769.14072989667	TIMef+G		-160333.57036494833	320922.14072989667	TIMef+G		-160333.57036494833	321196.6315091881	TIMef+G		-160333.57036494833	
44	321182.7599634811	TrNef		-160542.37998174055	321329.7599634811	TrNef		-160542.37998174055	321593.4863984866	TrNef		-160542.37998174055	
45	321184.7599634811	TrNef+G		-160542.37998174055	321334.7599634811	TrNef+G		-160542.37998174055	321603.86857062957	TrNef+G		-160542.37998174055	
46	321261.02749216615	K81		-160581.51374608307	321408.02749216615	K81		-160581.51374608307	321671.75392717164	K81		-160581.51374608307	
47	321263.02749216615	K81+G		-160581.51374608307	321413.02749216615	K81+G		-160581.51374608307	321682.1360993146	K81+G		-160581.51374608307	
48	321678.5096459122	K80		-160791.2548229561	321822.5096459122	K80		-160791.2548229561	322080.85390877473	K80		-160791.2548229561	
49	321680.5096459122	K80+G		-160791.2548229561	321827.5096459122	K80+G		-160791.2548229561	322091.2360809177	K80+G		-160791.2548229561	
50	322634.80603140965	JC+I		-161269.40301570483	322778.80603140965	JC+I		-161269.40301570483	323037.15029427217	JC+I		-161269.40301570483	
51	322637.0171435655	JC+I+G		-161269.50857178276	322784.0171435655	JC+I+G		-161269.50857178276	323047.743578571	JC+I+G		-161269.50857178276	
52	325057.71121531515	F81		-162478.85560765758	325207.71121531515	F81		-162478.85560765758	325476.8198224636	F81		-162478.85560765758	
53	325059.7268378879	F81+G		-162478.86341894395	325212.7268378879	F81+G		-162478.86341894395	325487.2176171793	F81+G		-162478.86341894395	
54	327314.9414346353	JC		-163610.47071731766	327455.9414346353	JC		-163610.47071731766	327708.90352535486	JC		-163610.47071731766	
55	327314.9414346353	JC		-163610.47071731766	327455.9414346353	JC		-163610.47071731766	327708.90352535486	JC		-163610.47071731766	
56	327316.9414346353	JC+G		-163610.47071731766	327460.9414346353	JC+G		-163610.47071731766	327719.28569749783	JC+G		-163610.47071731766	

Analysis took: 5 minutes 26 seconds
